=== PHASE 5 DIAGNOSTICS ===
Sat May  9 21:14:12 AWST 2026

=== SHELL ===
/bin/zsh

=== CURRENT DIRECTORY ===
/Users/gianpaulocoletti/rbp-platform

=== GIT REPO CHECK ===
/Users/gianpaulocoletti/rbp-platform
main
?? phase5-diagnostics.log

=== REQUIRED COMMANDS ===
FOUND: git -> /opt/homebrew/bin/git
git version 2.53.0
---
FOUND: node -> /Users/gianpaulocoletti/.nvm/versions/node/v24.14.1/bin/node
v24.14.1
---
FOUND: npm -> /Users/gianpaulocoletti/.nvm/versions/node/v24.14.1/bin/npm
11.11.0
---
FOUND: npx -> /Users/gianpaulocoletti/.nvm/versions/node/v24.14.1/bin/npx
11.11.0
---
FOUND: cat -> /bin/cat
---
FOUND: mkdir -> /bin/mkdir
---
FOUND: grep -> /usr/bin/grep
grep (BSD grep, GNU compatible) 2.6.0-FreeBSD
---
FOUND: test -> test
---
FOUND: find -> /usr/bin/find
---
FOUND: head -> /usr/bin/head
---

=== FRONTEND FILE CHECK ===
FOUND: frontend/portal
FOUND: frontend/portal/package.json
FOUND: frontend/portal/package-lock.json

=== PARTIAL PHASE 5 FILE CHECK ===

=== RECENT GIT DIFF SUMMARY ===

=== DONE ===
